<?xml version="1.0" encoding="UTF-8"?>
<testsuite name="Persistencia.JPAExampleTest" time="1.488" tests="22" errors="22" skipped="0" failures="0">
  <properties>
    <property name="java.runtime.name" value="OpenJDK Runtime Environment"/>
    <property name="sun.boot.library.path" value="/usr/lib/jvm/java-8-openjdk-amd64/jre/lib/amd64"/>
    <property name="java.vm.version" value="25.171-b11"/>
    <property name="java.vm.vendor" value="Oracle Corporation"/>
    <property name="java.vendor.url" value="http://java.oracle.com/"/>
    <property name="path.separator" value=":"/>
    <property name="guice.disable.misplaced.annotation.check" value="true"/>
    <property name="java.vm.name" value="OpenJDK 64-Bit Server VM"/>
    <property name="file.encoding.pkg" value="sun.io"/>
    <property name="user.country" value="PT"/>
    <property name="sun.java.launcher" value="SUN_STANDARD"/>
    <property name="sun.os.patch.level" value="unknown"/>
    <property name="java.vm.specification.name" value="Java Virtual Machine Specification"/>
    <property name="user.dir" value="/home/andreia/Documentos/TQS/GoCamping/goCamping"/>
    <property name="java.runtime.version" value="1.8.0_171-8u171-b11-0ubuntu0.18.04.1-b11"/>
    <property name="netbeans.deploy" value="true"/>
    <property name="java.awt.graphicsenv" value="sun.awt.X11GraphicsEnvironment"/>
    <property name="java.endorsed.dirs" value="/usr/lib/jvm/java-8-openjdk-amd64/jre/lib/endorsed"/>
    <property name="os.arch" value="amd64"/>
    <property name="java.io.tmpdir" value="/tmp"/>
    <property name="line.separator" value="&#10;"/>
    <property name="java.vm.specification.vendor" value="Oracle Corporation"/>
    <property name="os.name" value="Linux"/>
    <property name="maven.ext.class.path" value="/home/andreia/netbeans-8.2/java/maven-nblib/netbeans-eventspy.jar"/>
    <property name="classworlds.conf" value="/home/andreia/netbeans-8.2/java/maven/bin/m2.conf"/>
    <property name="sun.jnu.encoding" value="UTF-8"/>
    <property name="java.library.path" value="/usr/lib/jvm/java-1.8.0-openjdk-amd64/jre/lib/amd64:/usr/lib/jvm/java-1.8.0-openjdk-amd64/jre/lib/i386::/usr/java/packages/lib/amd64:/usr/lib/x86_64-linux-gnu/jni:/lib/x86_64-linux-gnu:/usr/lib/x86_64-linux-gnu:/usr/lib/jni:/lib:/usr/lib"/>
    <property name="java.specification.name" value="Java Platform API Specification"/>
    <property name="java.class.version" value="52.0"/>
    <property name="sun.management.compiler" value="HotSpot 64-Bit Tiered Compilers"/>
    <property name="os.version" value="4.15.0-23-generic"/>
    <property name="user.home" value="/home/andreia"/>
    <property name="user.timezone" value="Europe/Lisbon"/>
    <property name="java.awt.printerjob" value="sun.print.PSPrinterJob"/>
    <property name="java.specification.version" value="1.8"/>
    <property name="file.encoding" value="UTF-8"/>
    <property name="user.name" value="andreia"/>
    <property name="java.class.path" value="/home/andreia/netbeans-8.2/java/maven/boot/plexus-classworlds-2.4.jar"/>
    <property name="java.vm.specification.version" value="1.8"/>
    <property name="sun.arch.data.model" value="64"/>
    <property name="java.home" value="/usr/lib/jvm/java-8-openjdk-amd64/jre"/>
    <property name="sun.java.command" value="org.codehaus.plexus.classworlds.launcher.Launcher -Dnetbeans.deploy=true -Dmaven.ext.class.path=/home/andreia/netbeans-8.2/java/maven-nblib/netbeans-eventspy.jar package"/>
    <property name="java.specification.vendor" value="Oracle Corporation"/>
    <property name="user.language" value="pt"/>
    <property name="awt.toolkit" value="sun.awt.X11.XToolkit"/>
    <property name="java.vm.info" value="mixed mode"/>
    <property name="java.version" value="1.8.0_171"/>
    <property name="java.ext.dirs" value="/usr/lib/jvm/java-8-openjdk-amd64/jre/lib/ext:/usr/java/packages/lib/ext"/>
    <property name="securerandom.source" value="file:/dev/./urandom"/>
    <property name="sun.boot.class.path" value="/usr/lib/jvm/java-8-openjdk-amd64/jre/lib/resources.jar:/usr/lib/jvm/java-8-openjdk-amd64/jre/lib/rt.jar:/usr/lib/jvm/java-8-openjdk-amd64/jre/lib/sunrsasign.jar:/usr/lib/jvm/java-8-openjdk-amd64/jre/lib/jsse.jar:/usr/lib/jvm/java-8-openjdk-amd64/jre/lib/jce.jar:/usr/lib/jvm/java-8-openjdk-amd64/jre/lib/charsets.jar:/usr/lib/jvm/java-8-openjdk-amd64/jre/lib/jfr.jar:/usr/lib/jvm/java-8-openjdk-amd64/jre/classes"/>
    <property name="java.vendor" value="Oracle Corporation"/>
    <property name="maven.home" value="/home/andreia/netbeans-8.2/java/maven"/>
    <property name="file.separator" value="/"/>
    <property name="java.vendor.url.bug" value="http://bugreport.sun.com/bugreport/"/>
    <property name="sun.cpu.endian" value="little"/>
    <property name="sun.io.unicode.encoding" value="UnicodeLittle"/>
    <property name="sun.desktop" value="gnome"/>
    <property name="sun.cpu.isalist" value=""/>
  </properties>
  <testcase name="testDeleteFavouriteList" classname="Persistencia.JPAExampleTest" time="1.468">
    <error type="java.lang.ExceptionInInitializerError:"><![CDATA[java.lang.ExceptionInInitializerError: null
	at javax.naming.spi.NamingManager.getInitialContext(NamingManager.java:662)
	at javax.naming.InitialContext.getDefaultInitCtx(InitialContext.java:313)
	at javax.naming.InitialContext.getURLOrDefaultInitCtx(InitialContext.java:410)
	at javax.naming.InitialContext.lookup(InitialContext.java:421)
	at org.eclipse.persistence.sessions.JNDIConnector.connect(JNDIConnector.java:115)
	at org.eclipse.persistence.sessions.DatasourceLogin.connectToDatasource(DatasourceLogin.java:170)
	at org.eclipse.persistence.internal.sessions.DatabaseSessionImpl.setOrDetectDatasource(DatabaseSessionImpl.java:228)
	at org.eclipse.persistence.internal.sessions.DatabaseSessionImpl.loginAndDetectDatasource(DatabaseSessionImpl.java:804)
	at org.eclipse.persistence.internal.jpa.EntityManagerFactoryProvider.login(EntityManagerFactoryProvider.java:254)
	at org.eclipse.persistence.internal.jpa.EntityManagerSetupImpl.deploy(EntityManagerSetupImpl.java:757)
	at org.eclipse.persistence.internal.jpa.EntityManagerFactoryDelegate.getAbstractSession(EntityManagerFactoryDelegate.java:216)
	at org.eclipse.persistence.internal.jpa.EntityManagerFactoryDelegate.getDatabaseSession(EntityManagerFactoryDelegate.java:194)
	at org.eclipse.persistence.internal.jpa.EntityManagerFactoryImpl.getDatabaseSession(EntityManagerFactoryImpl.java:540)
	at org.eclipse.persistence.jpa.PersistenceProvider.createEntityManagerFactoryImpl(PersistenceProvider.java:150)
	at org.eclipse.persistence.jpa.PersistenceProvider.createEntityManagerFactory(PersistenceProvider.java:188)
	at javax.persistence.Persistence.createEntityManagerFactory(Persistence.java:79)
	at javax.persistence.Persistence.createEntityManagerFactory(Persistence.java:54)
	at Persistencia.EntityManagerUtil.<clinit>(EntityManagerUtil.java:26)
	at Persistencia.JPAExample.<init>(JPAExample.java:25)
	at Persistencia.JPAExampleTest.setUp(JPAExampleTest.java:49)
]]></error>
    <system-out><![CDATA[[EL Finest]: properties: 2018-07-06 20:42:59.865--ServerSession(119473514)--Thread(Thread[main,5,main])--property=eclipselink.logging.level.sql; value=FINE; translated value=FINE
[EL Finest]: properties: 2018-07-06 20:42:59.881--ServerSession(119473514)--Thread(Thread[main,5,main])--property=eclipselink.logging.exceptions; value=true
[EL Finest]: properties: 2018-07-06 20:42:59.881--ServerSession(119473514)--Thread(Thread[main,5,main])--property=eclipselink.logging.parameters; value=true
[EL Fine]: server: 2018-07-06 20:42:59.882--Thread(Thread[main,5,main])--Configured server platform: org.eclipse.persistence.platform.server.NoServerPlatform
[EL Finest]: jpa: 2018-07-06 20:42:59.882--ServerSession(119473514)--Thread(Thread[main,5,main])--Begin predeploying Persistence Unit PUnit; session /file:/home/andreia/Documentos/TQS/GoCamping/goCamping/target/classes/_PUnit; state Initial; factoryCount 0
[EL Finest]: properties: 2018-07-06 20:42:59.884--ServerSession(119473514)--Thread(Thread[main,5,main])--property=eclipselink.orm.throw.exceptions; default value=true
[EL Finest]: properties: 2018-07-06 20:42:59.886--ServerSession(119473514)--Thread(Thread[main,5,main])--property=eclipselink.multitenant.tenants-share-emf; default value=true
[EL Finest]: properties: 2018-07-06 20:42:59.886--ServerSession(119473514)--Thread(Thread[main,5,main])--property=eclipselink.multitenant.tenants-share-cache; default value=false
[EL Finer]: metadata: 2018-07-06 20:42:59.939--Thread(Thread[main,5,main])--Searching for mapping file: [META-INF/orm.xml] at root URL: [file:/home/andreia/Documentos/TQS/GoCamping/goCamping/target/classes/].
[EL Finer]: metadata: 2018-07-06 20:42:59.942--Thread(Thread[main,5,main])--Searching for mapping file: [META-INF/eclipselink-orm.xml] at root URL: [file:/home/andreia/Documentos/TQS/GoCamping/goCamping/target/classes/].
[EL Config]: metadata: 2018-07-06 20:43:00.348--ServerSession(119473514)--Thread(Thread[main,5,main])--The access type for the persistent class [class Persistencia.FavouriteList] is set to [FIELD].
[EL Config]: metadata: 2018-07-06 20:43:00.39--ServerSession(119473514)--Thread(Thread[main,5,main])--The access type for the persistent class [class Persistencia.Camper] is set to [FIELD].
[EL Config]: metadata: 2018-07-06 20:43:00.412--ServerSession(119473514)--Thread(Thread[main,5,main])--The target entity (reference) class for the one to one mapping element [field user] is being defaulted to: class Persistencia.Utilizador.
[EL Config]: metadata: 2018-07-06 20:43:00.413--ServerSession(119473514)--Thread(Thread[main,5,main])--The access type for the persistent class [class Persistencia.Reservation] is set to [FIELD].
[EL Config]: metadata: 2018-07-06 20:43:00.416--ServerSession(119473514)--Thread(Thread[main,5,main])--The target entity (reference) class for the many to one mapping element [field camper] is being defaulted to: class Persistencia.Camper.
[EL Config]: metadata: 2018-07-06 20:43:00.416--ServerSession(119473514)--Thread(Thread[main,5,main])--The target entity (reference) class for the many to one mapping element [field campsite] is being defaulted to: class Persistencia.Campsite.
[EL Config]: metadata: 2018-07-06 20:43:00.417--ServerSession(119473514)--Thread(Thread[main,5,main])--The access type for the persistent class [class Persistencia.CampsiteImage] is set to [FIELD].
[EL Config]: metadata: 2018-07-06 20:43:00.418--ServerSession(119473514)--Thread(Thread[main,5,main])--The access type for the persistent class [class Persistencia.Manager] is set to [FIELD].
[EL Config]: metadata: 2018-07-06 20:43:00.419--ServerSession(119473514)--Thread(Thread[main,5,main])--The target entity (reference) class for the one to one mapping element [field user] is being defaulted to: class Persistencia.Utilizador.
[EL Config]: metadata: 2018-07-06 20:43:00.419--ServerSession(119473514)--Thread(Thread[main,5,main])--The access type for the persistent class [class Persistencia.Utilizador] is set to [FIELD].
[EL Config]: metadata: 2018-07-06 20:43:00.42--ServerSession(119473514)--Thread(Thread[main,5,main])--The target entity (reference) class for the one to one mapping element [field manager] is being defaulted to: class Persistencia.Manager.
[EL Config]: metadata: 2018-07-06 20:43:00.421--ServerSession(119473514)--Thread(Thread[main,5,main])--The target entity (reference) class for the one to one mapping element [field camper] is being defaulted to: class Persistencia.Camper.
[EL Config]: metadata: 2018-07-06 20:43:00.421--ServerSession(119473514)--Thread(Thread[main,5,main])--The access type for the persistent class [class Persistencia.Campsite] is set to [FIELD].
[EL Config]: metadata: 2018-07-06 20:43:00.421--ServerSession(119473514)--Thread(Thread[main,5,main])--The target entity (reference) class for the many to one mapping element [field manager] is being defaulted to: class Persistencia.Manager.
[EL Config]: metadata: 2018-07-06 20:43:00.422--ServerSession(119473514)--Thread(Thread[main,5,main])--The alias name for the entity class [class Persistencia.FavouriteList] is being defaulted to: FavouriteList.
[EL Config]: metadata: 2018-07-06 20:43:00.451--ServerSession(119473514)--Thread(Thread[main,5,main])--The alias name for the entity class [class Persistencia.Camper] is being defaulted to: Camper.
[EL Config]: metadata: 2018-07-06 20:43:00.452--ServerSession(119473514)--Thread(Thread[main,5,main])--The alias name for the entity class [class Persistencia.Reservation] is being defaulted to: Reservation.
[EL Config]: metadata: 2018-07-06 20:43:00.453--ServerSession(119473514)--Thread(Thread[main,5,main])--The table name for entity [class Persistencia.Reservation] is being defaulted to: RESERVATION.
[EL Config]: metadata: 2018-07-06 20:43:00.459--ServerSession(119473514)--Thread(Thread[main,5,main])--The alias name for the entity class [class Persistencia.CampsiteImage] is being defaulted to: CampsiteImage.
[EL Config]: metadata: 2018-07-06 20:43:00.459--ServerSession(119473514)--Thread(Thread[main,5,main])--The column name for element [imageName] is being defaulted to: IMAGENAME.
[EL Config]: metadata: 2018-07-06 20:43:00.46--ServerSession(119473514)--Thread(Thread[main,5,main])--The column name for element [campsiteID] is being defaulted to: CAMPSITEID.
[EL Config]: metadata: 2018-07-06 20:43:00.46--ServerSession(119473514)--Thread(Thread[main,5,main])--The alias name for the entity class [class Persistencia.Manager] is being defaulted to: Manager.
[EL Config]: metadata: 2018-07-06 20:43:00.461--ServerSession(119473514)--Thread(Thread[main,5,main])--The alias name for the entity class [class Persistencia.Utilizador] is being defaulted to: Utilizador.
[EL Config]: metadata: 2018-07-06 20:43:00.462--ServerSession(119473514)--Thread(Thread[main,5,main])--The alias name for the entity class [class Persistencia.Campsite] is being defaulted to: Campsite.
[EL Config]: metadata: 2018-07-06 20:43:00.485--ServerSession(119473514)--Thread(Thread[main,5,main])--The primary key column name for the mapping element [field camper] is being defaulted to: username.
[EL Config]: metadata: 2018-07-06 20:43:00.486--ServerSession(119473514)--Thread(Thread[main,5,main])--The primary key column name for the mapping element [field campsite] is being defaulted to: id.
[EL Config]: metadata: 2018-07-06 20:43:00.486--ServerSession(119473514)--Thread(Thread[main,5,main])--The primary key column name for the mapping element [field manager] is being defaulted to: username.
[EL Config]: metadata: 2018-07-06 20:43:00.487--ServerSession(119473514)--Thread(Thread[main,5,main])--The primary key column name for the mapping element [field camper] is being defaulted to: username.
[EL Config]: metadata: 2018-07-06 20:43:00.487--ServerSession(119473514)--Thread(Thread[main,5,main])--The primary key column name for the mapping element [field manager] is being defaulted to: username.
[EL Finest]: jpa: 2018-07-06 20:43:00.536--ServerSession(119473514)--Thread(Thread[main,5,main])--End predeploying Persistence Unit PUnit; session /file:/home/andreia/Documentos/TQS/GoCamping/goCamping/target/classes/_PUnit; state Predeployed; factoryCount 0
[EL Finer]: weaver: 2018-07-06 20:43:00.536--Thread(Thread[main,5,main])--JavaSECMPInitializer - transformer is null.
[EL Finest]: jpa: 2018-07-06 20:43:00.537--ServerSession(119473514)--Thread(Thread[main,5,main])--Begin predeploying Persistence Unit PUnit; session /file:/home/andreia/Documentos/TQS/GoCamping/goCamping/target/classes/_PUnit; state Predeployed; factoryCount 0
[EL Finest]: jpa: 2018-07-06 20:43:00.537--ServerSession(119473514)--Thread(Thread[main,5,main])--End predeploying Persistence Unit PUnit; session /file:/home/andreia/Documentos/TQS/GoCamping/goCamping/target/classes/_PUnit; state Predeployed; factoryCount 1
[EL Finer]: metamodel: 2018-07-06 20:43:00.551--ServerSession(119473514)--Thread(Thread[main,5,main])--Canonical Metamodel class [Persistencia.Camper_] not found during initialization.
[EL Finer]: metamodel: 2018-07-06 20:43:00.552--ServerSession(119473514)--Thread(Thread[main,5,main])--Canonical Metamodel class [Persistencia.Manager_] not found during initialization.
[EL Finer]: metamodel: 2018-07-06 20:43:00.552--ServerSession(119473514)--Thread(Thread[main,5,main])--Canonical Metamodel class [Persistencia.Utilizador_] not found during initialization.
[EL Finer]: metamodel: 2018-07-06 20:43:00.554--ServerSession(119473514)--Thread(Thread[main,5,main])--Canonical Metamodel class [Persistencia.FavouriteList_] not found during initialization.
[EL Finer]: metamodel: 2018-07-06 20:43:00.555--ServerSession(119473514)--Thread(Thread[main,5,main])--Canonical Metamodel class [Persistencia.Reservation_] not found during initialization.
[EL Finer]: metamodel: 2018-07-06 20:43:00.556--ServerSession(119473514)--Thread(Thread[main,5,main])--Canonical Metamodel class [Persistencia.CampsiteImage_] not found during initialization.
[EL Finer]: metamodel: 2018-07-06 20:43:00.556--ServerSession(119473514)--Thread(Thread[main,5,main])--Canonical Metamodel class [Persistencia.Campsite_] not found during initialization.
[EL Finest]: jpa: 2018-07-06 20:43:00.557--ServerSession(119473514)--Thread(Thread[main,5,main])--Begin deploying Persistence Unit PUnit; session /file:/home/andreia/Documentos/TQS/GoCamping/goCamping/target/classes/_PUnit; state Predeployed; factoryCount 1
[EL Finest]: jpa: 2018-07-06 20:43:00.581--ServerSession(119473514)--Thread(Thread[main,5,main])--Bean Validation Factory was not initialized: [Unable to create a Configuration, because no Bean Validation provider could be found. Add a provider like Hibernate Validator (RI) to your classpath.].
[EL Finer]: server: 2018-07-06 20:43:00.584--Thread(Thread[main,5,main])--Detected server platform: org.eclipse.persistence.platform.server.NoServerPlatform.
[EL Finer]: 2018-07-06 20:43:00.584--Thread(Thread[main,5,main])--initializing session manager
[EL Finer]: server: 2018-07-06 20:43:00.585--ServerSession(119473514)--Thread(Thread[main,5,main])--Detected server platform: org.eclipse.persistence.platform.server.NoServerPlatform.
[EL Finest]: properties: 2018-07-06 20:43:00.586--ServerSession(119473514)--Thread(Thread[main,5,main])--property=eclipselink.logging.level; value=ALL; translated value=ALL
[EL Finest]: properties: 2018-07-06 20:43:00.587--ServerSession(119473514)--Thread(Thread[main,5,main])--property=eclipselink.logging.level.sql; value=FINE; translated value=FINE
[EL Finest]: properties: 2018-07-06 20:43:00.588--ServerSession(119473514)--Thread(Thread[main,5,main])--property=eclipselink.logging.exceptions; value=true
[EL Finest]: properties: 2018-07-06 20:43:00.589--ServerSession(119473514)--Thread(Thread[main,5,main])--property=eclipselink.logging.parameters; value=true
[EL Finest]: properties: 2018-07-06 20:43:00.589--ServerSession(119473514)--Thread(Thread[main,5,main])--property=eclipselink.logging.level; value=ALL; translated value=ALL
[EL Finest]: properties: 2018-07-06 20:43:00.592--ServerSession(119473514)--Thread(Thread[main,5,main])--property=eclipselink.logging.level.sql; value=FINE; translated value=FINE
[EL Finest]: properties: 2018-07-06 20:43:00.592--ServerSession(119473514)--Thread(Thread[main,5,main])--property=eclipselink.logging.exceptions; value=true
[EL Finest]: properties: 2018-07-06 20:43:00.592--ServerSession(119473514)--Thread(Thread[main,5,main])--property=eclipselink.logging.parameters; value=true
[EL Info]: 2018-07-06 20:43:00.599--ServerSession(119473514)--Thread(Thread[main,5,main])--EclipseLink, version: Eclipse Persistence Services - 2.7.0.v20170811-d680af5
[EL Severe]: ejb: 2018-07-06 20:43:00.615--ServerSession(119473514)--Thread(Thread[main,5,main])--Local Exception Stack: 
Exception [EclipseLink-7060] (Eclipse Persistence Services - 2.7.0.v20170811-d680af5): org.eclipse.persistence.exceptions.ValidationException
Exception Description: Cannot acquire data source [java:comp/DefaultDataSource].
Internal Exception: javax.naming.NoInitialContextException: Need to specify class name in environment or system property, or as an applet parameter, or in an application resource file:  java.naming.factory.initial
	at org.eclipse.persistence.exceptions.ValidationException.cannotAcquireDataSource(ValidationException.java:523)
	at org.eclipse.persistence.sessions.JNDIConnector.connect(JNDIConnector.java:121)
	at org.eclipse.persistence.sessions.DatasourceLogin.connectToDatasource(DatasourceLogin.java:170)
	at org.eclipse.persistence.internal.sessions.DatabaseSessionImpl.setOrDetectDatasource(DatabaseSessionImpl.java:228)
	at org.eclipse.persistence.internal.sessions.DatabaseSessionImpl.loginAndDetectDatasource(DatabaseSessionImpl.java:804)
	at org.eclipse.persistence.internal.jpa.EntityManagerFactoryProvider.login(EntityManagerFactoryProvider.java:254)
	at org.eclipse.persistence.internal.jpa.EntityManagerSetupImpl.deploy(EntityManagerSetupImpl.java:757)
	at org.eclipse.persistence.internal.jpa.EntityManagerFactoryDelegate.getAbstractSession(EntityManagerFactoryDelegate.java:216)
	at org.eclipse.persistence.internal.jpa.EntityManagerFactoryDelegate.getDatabaseSession(EntityManagerFactoryDelegate.java:194)
	at org.eclipse.persistence.internal.jpa.EntityManagerFactoryImpl.getDatabaseSession(EntityManagerFactoryImpl.java:540)
	at org.eclipse.persistence.jpa.PersistenceProvider.createEntityManagerFactoryImpl(PersistenceProvider.java:150)
	at org.eclipse.persistence.jpa.PersistenceProvider.createEntityManagerFactory(PersistenceProvider.java:188)
	at javax.persistence.Persistence.createEntityManagerFactory(Persistence.java:79)
	at javax.persistence.Persistence.createEntityManagerFactory(Persistence.java:54)
	at Persistencia.EntityManagerUtil.<clinit>(EntityManagerUtil.java:26)
	at Persistencia.JPAExample.<init>(JPAExample.java:25)
	at Persistencia.JPAExampleTest.setUp(JPAExampleTest.java:49)
	at sun.reflect.NativeMethodAccessorImpl.invoke0(Native Method)
	at sun.reflect.NativeMethodAccessorImpl.invoke(NativeMethodAccessorImpl.java:62)
	at sun.reflect.DelegatingMethodAccessorImpl.invoke(DelegatingMethodAccessorImpl.java:43)
	at java.lang.reflect.Method.invoke(Method.java:498)
	at org.junit.runners.model.FrameworkMethod$1.runReflectiveCall(FrameworkMethod.java:50)
	at org.junit.internal.runners.model.ReflectiveCallable.run(ReflectiveCallable.java:12)
	at org.junit.runners.model.FrameworkMethod.invokeExplosively(FrameworkMethod.java:47)
	at org.junit.internal.runners.statements.RunBefores.evaluate(RunBefores.java:24)
	at org.junit.internal.runners.statements.RunAfters.evaluate(RunAfters.java:27)
	at org.junit.runners.ParentRunner.runLeaf(ParentRunner.java:325)
	at org.junit.runners.BlockJUnit4ClassRunner.runChild(BlockJUnit4ClassRunner.java:78)
	at org.junit.runners.BlockJUnit4ClassRunner.runChild(BlockJUnit4ClassRunner.java:57)
	at org.junit.runners.ParentRunner$3.run(ParentRunner.java:290)
	at org.junit.runners.ParentRunner$1.schedule(ParentRunner.java:71)
	at org.junit.runners.ParentRunner.runChildren(ParentRunner.java:288)
	at org.junit.runners.ParentRunner.access$000(ParentRunner.java:58)
	at org.junit.runners.ParentRunner$2.evaluate(ParentRunner.java:268)
	at org.junit.internal.runners.statements.RunBefores.evaluate(RunBefores.java:26)
	at org.junit.internal.runners.statements.RunAfters.evaluate(RunAfters.java:27)
	at org.junit.runners.ParentRunner.run(ParentRunner.java:363)
	at org.apache.maven.surefire.junit4.JUnit4Provider.execute(JUnit4Provider.java:264)
	at org.apache.maven.surefire.junit4.JUnit4Provider.executeTestSet(JUnit4Provider.java:153)
	at org.apache.maven.surefire.junit4.JUnit4Provider.invoke(JUnit4Provider.java:124)
	at org.apache.maven.surefire.booter.ForkedBooter.invokeProviderInSameClassLoader(ForkedBooter.java:200)
	at org.apache.maven.surefire.booter.ForkedBooter.runSuitesInProcess(ForkedBooter.java:153)
	at org.apache.maven.surefire.booter.ForkedBooter.main(ForkedBooter.java:103)
Caused by: javax.naming.NoInitialContextException: Need to specify class name in environment or system property, or as an applet parameter, or in an application resource file:  java.naming.factory.initial
	at javax.naming.spi.NamingManager.getInitialContext(NamingManager.java:662)
	at javax.naming.InitialContext.getDefaultInitCtx(InitialContext.java:313)
	at javax.naming.InitialContext.getURLOrDefaultInitCtx(InitialContext.java:410)
	at javax.naming.InitialContext.lookup(InitialContext.java:421)
	at org.eclipse.persistence.sessions.JNDIConnector.connect(JNDIConnector.java:115)
	... 41 more

[EL Finest]: jpa: 2018-07-06 20:43:00.621--ServerSession(119473514)--Thread(Thread[main,5,main])--End deploying Persistence Unit PUnit; session /file:/home/andreia/Documentos/TQS/GoCamping/goCamping/target/classes/_PUnit; state HalfDeployed; factoryCount 1
[EL Finest]: jpa: 2018-07-06 20:43:00.622--ServerSession(119473514)--Thread(Thread[main,5,main])--Begin undeploying Persistence Unit PUnit; session /file:/home/andreia/Documentos/TQS/GoCamping/goCamping/target/classes/_PUnit; state HalfDeployed; factoryCount 1
[EL Finest]: jpa: 2018-07-06 20:43:00.623--ServerSession(119473514)--Thread(Thread[main,5,main])--End undeploying Persistence Unit PUnit; session /file:/home/andreia/Documentos/TQS/GoCamping/goCamping/target/classes/_PUnit; state Undeployed; factoryCount 0
]]></system-out>
    <system-err><![CDATA[Initial SessionFactory creation failed.javax.persistence.PersistenceException: Exception [EclipseLink-7060] (Eclipse Persistence Services - 2.7.0.v20170811-d680af5): org.eclipse.persistence.exceptions.ValidationException
Exception Description: Cannot acquire data source [java:comp/DefaultDataSource].
Internal Exception: javax.naming.NoInitialContextException: Need to specify class name in environment or system property, or as an applet parameter, or in an application resource file:  java.naming.factory.initial
]]></system-err>
  </testcase>
  <testcase name="testDeleteManager" classname="Persistencia.JPAExampleTest" time="0.001">
    <error message="Could not initialize class Persistencia.EntityManagerUtil" type="java.lang.NoClassDefFoundError"><![CDATA[java.lang.NoClassDefFoundError: Could not initialize class Persistencia.EntityManagerUtil
	at Persistencia.JPAExample.<init>(JPAExample.java:25)
	at Persistencia.JPAExampleTest.setUp(JPAExampleTest.java:49)
]]></error>
  </testcase>
  <testcase name="testListarCampsitesFavList" classname="Persistencia.JPAExampleTest" time="0.001">
    <error message="Could not initialize class Persistencia.EntityManagerUtil" type="java.lang.NoClassDefFoundError"><![CDATA[java.lang.NoClassDefFoundError: Could not initialize class Persistencia.EntityManagerUtil
	at Persistencia.JPAExample.<init>(JPAExample.java:25)
	at Persistencia.JPAExampleTest.setUp(JPAExampleTest.java:49)
]]></error>
  </testcase>
  <testcase name="testSearchUtilizador" classname="Persistencia.JPAExampleTest" time="0.001">
    <error message="Could not initialize class Persistencia.EntityManagerUtil" type="java.lang.NoClassDefFoundError"><![CDATA[java.lang.NoClassDefFoundError: Could not initialize class Persistencia.EntityManagerUtil
	at Persistencia.JPAExample.<init>(JPAExample.java:25)
	at Persistencia.JPAExampleTest.setUp(JPAExampleTest.java:49)
]]></error>
  </testcase>
  <testcase name="testSaveUtilizador" classname="Persistencia.JPAExampleTest" time="0.001">
    <error message="Could not initialize class Persistencia.EntityManagerUtil" type="java.lang.NoClassDefFoundError"><![CDATA[java.lang.NoClassDefFoundError: Could not initialize class Persistencia.EntityManagerUtil
	at Persistencia.JPAExample.<init>(JPAExample.java:25)
	at Persistencia.JPAExampleTest.setUp(JPAExampleTest.java:49)
]]></error>
  </testcase>
  <testcase name="testListarCampsite_Location" classname="Persistencia.JPAExampleTest" time="0">
    <error message="Could not initialize class Persistencia.EntityManagerUtil" type="java.lang.NoClassDefFoundError"><![CDATA[java.lang.NoClassDefFoundError: Could not initialize class Persistencia.EntityManagerUtil
	at Persistencia.JPAExample.<init>(JPAExample.java:25)
	at Persistencia.JPAExampleTest.setUp(JPAExampleTest.java:49)
]]></error>
  </testcase>
  <testcase name="testUpdateCampsite" classname="Persistencia.JPAExampleTest" time="0.001">
    <error message="Could not initialize class Persistencia.EntityManagerUtil" type="java.lang.NoClassDefFoundError"><![CDATA[java.lang.NoClassDefFoundError: Could not initialize class Persistencia.EntityManagerUtil
	at Persistencia.JPAExample.<init>(JPAExample.java:25)
	at Persistencia.JPAExampleTest.setUp(JPAExampleTest.java:49)
]]></error>
  </testcase>
  <testcase name="testSaveFavouriteList" classname="Persistencia.JPAExampleTest" time="0.001">
    <error message="Could not initialize class Persistencia.EntityManagerUtil" type="java.lang.NoClassDefFoundError"><![CDATA[java.lang.NoClassDefFoundError: Could not initialize class Persistencia.EntityManagerUtil
	at Persistencia.JPAExample.<init>(JPAExample.java:25)
	at Persistencia.JPAExampleTest.setUp(JPAExampleTest.java:49)
]]></error>
  </testcase>
  <testcase name="testSaveReservation" classname="Persistencia.JPAExampleTest" time="0">
    <error message="Could not initialize class Persistencia.EntityManagerUtil" type="java.lang.NoClassDefFoundError"><![CDATA[java.lang.NoClassDefFoundError: Could not initialize class Persistencia.EntityManagerUtil
	at Persistencia.JPAExample.<init>(JPAExample.java:25)
	at Persistencia.JPAExampleTest.setUp(JPAExampleTest.java:49)
]]></error>
  </testcase>
  <testcase name="testUpdateCamper" classname="Persistencia.JPAExampleTest" time="0.001">
    <error message="Could not initialize class Persistencia.EntityManagerUtil" type="java.lang.NoClassDefFoundError"><![CDATA[java.lang.NoClassDefFoundError: Could not initialize class Persistencia.EntityManagerUtil
	at Persistencia.JPAExample.<init>(JPAExample.java:25)
	at Persistencia.JPAExampleTest.setUp(JPAExampleTest.java:49)
]]></error>
  </testcase>
  <testcase name="testSearchManager" classname="Persistencia.JPAExampleTest" time="0.001">
    <error message="Could not initialize class Persistencia.EntityManagerUtil" type="java.lang.NoClassDefFoundError"><![CDATA[java.lang.NoClassDefFoundError: Could not initialize class Persistencia.EntityManagerUtil
	at Persistencia.JPAExample.<init>(JPAExample.java:25)
	at Persistencia.JPAExampleTest.setUp(JPAExampleTest.java:49)
]]></error>
  </testcase>
  <testcase name="testDeleteCamper" classname="Persistencia.JPAExampleTest" time="0.001">
    <error message="Could not initialize class Persistencia.EntityManagerUtil" type="java.lang.NoClassDefFoundError"><![CDATA[java.lang.NoClassDefFoundError: Could not initialize class Persistencia.EntityManagerUtil
	at Persistencia.JPAExample.<init>(JPAExample.java:25)
	at Persistencia.JPAExampleTest.setUp(JPAExampleTest.java:49)
]]></error>
  </testcase>
  <testcase name="testSaveCamper" classname="Persistencia.JPAExampleTest" time="0.001">
    <error message="Could not initialize class Persistencia.EntityManagerUtil" type="java.lang.NoClassDefFoundError"><![CDATA[java.lang.NoClassDefFoundError: Could not initialize class Persistencia.EntityManagerUtil
	at Persistencia.JPAExample.<init>(JPAExample.java:25)
	at Persistencia.JPAExampleTest.setUp(JPAExampleTest.java:49)
]]></error>
  </testcase>
  <testcase name="testListarCampsite_Manager" classname="Persistencia.JPAExampleTest" time="0.004">
    <error message="Could not initialize class Persistencia.EntityManagerUtil" type="java.lang.NoClassDefFoundError"><![CDATA[java.lang.NoClassDefFoundError: Could not initialize class Persistencia.EntityManagerUtil
	at Persistencia.JPAExample.<init>(JPAExample.java:25)
	at Persistencia.JPAExampleTest.setUp(JPAExampleTest.java:49)
]]></error>
  </testcase>
  <testcase name="testDeleteReservation" classname="Persistencia.JPAExampleTest" time="0.001">
    <error message="Could not initialize class Persistencia.EntityManagerUtil" type="java.lang.NoClassDefFoundError"><![CDATA[java.lang.NoClassDefFoundError: Could not initialize class Persistencia.EntityManagerUtil
	at Persistencia.JPAExample.<init>(JPAExample.java:25)
	at Persistencia.JPAExampleTest.setUp(JPAExampleTest.java:49)
]]></error>
  </testcase>
  <testcase name="testSearchCamper" classname="Persistencia.JPAExampleTest" time="0.001">
    <error message="Could not initialize class Persistencia.EntityManagerUtil" type="java.lang.NoClassDefFoundError"><![CDATA[java.lang.NoClassDefFoundError: Could not initialize class Persistencia.EntityManagerUtil
	at Persistencia.JPAExample.<init>(JPAExample.java:25)
	at Persistencia.JPAExampleTest.setUp(JPAExampleTest.java:49)
]]></error>
  </testcase>
  <testcase name="testSearchCampsite" classname="Persistencia.JPAExampleTest" time="0.001">
    <error message="Could not initialize class Persistencia.EntityManagerUtil" type="java.lang.NoClassDefFoundError"><![CDATA[java.lang.NoClassDefFoundError: Could not initialize class Persistencia.EntityManagerUtil
	at Persistencia.JPAExample.<init>(JPAExample.java:25)
	at Persistencia.JPAExampleTest.setUp(JPAExampleTest.java:49)
]]></error>
  </testcase>
  <testcase name="testSaveCampsite" classname="Persistencia.JPAExampleTest" time="0">
    <error message="Could not initialize class Persistencia.EntityManagerUtil" type="java.lang.NoClassDefFoundError"><![CDATA[java.lang.NoClassDefFoundError: Could not initialize class Persistencia.EntityManagerUtil
	at Persistencia.JPAExample.<init>(JPAExample.java:25)
	at Persistencia.JPAExampleTest.setUp(JPAExampleTest.java:49)
]]></error>
  </testcase>
  <testcase name="testDeleteCampsite" classname="Persistencia.JPAExampleTest" time="0">
    <error message="Could not initialize class Persistencia.EntityManagerUtil" type="java.lang.NoClassDefFoundError"><![CDATA[java.lang.NoClassDefFoundError: Could not initialize class Persistencia.EntityManagerUtil
	at Persistencia.JPAExample.<init>(JPAExample.java:25)
	at Persistencia.JPAExampleTest.setUp(JPAExampleTest.java:49)
]]></error>
  </testcase>
  <testcase name="testSaveManager" classname="Persistencia.JPAExampleTest" time="0.001">
    <error message="Could not initialize class Persistencia.EntityManagerUtil" type="java.lang.NoClassDefFoundError"><![CDATA[java.lang.NoClassDefFoundError: Could not initialize class Persistencia.EntityManagerUtil
	at Persistencia.JPAExample.<init>(JPAExample.java:25)
	at Persistencia.JPAExampleTest.setUp(JPAExampleTest.java:49)
]]></error>
  </testcase>
  <testcase name="testListarReservations" classname="Persistencia.JPAExampleTest" time="0.001">
    <error message="Could not initialize class Persistencia.EntityManagerUtil" type="java.lang.NoClassDefFoundError"><![CDATA[java.lang.NoClassDefFoundError: Could not initialize class Persistencia.EntityManagerUtil
	at Persistencia.JPAExample.<init>(JPAExample.java:25)
	at Persistencia.JPAExampleTest.setUp(JPAExampleTest.java:49)
]]></error>
  </testcase>
  <testcase name="testUpdateManager" classname="Persistencia.JPAExampleTest" time="0.001">
    <error message="Could not initialize class Persistencia.EntityManagerUtil" type="java.lang.NoClassDefFoundError"><![CDATA[java.lang.NoClassDefFoundError: Could not initialize class Persistencia.EntityManagerUtil
	at Persistencia.JPAExample.<init>(JPAExample.java:25)
	at Persistencia.JPAExampleTest.setUp(JPAExampleTest.java:49)
]]></error>
  </testcase>
</testsuite>