<?xml version="1.0" encoding="UTF-8"?>
<testsuite xmlns:xsi="http://www.w3.org/2001/XMLSchema-instance" xsi:noNamespaceSchemaLocation="https://maven.apache.org/surefire/maven-failsafe-plugin/xsd/failsafe-test-report.xsd" name="BackendBeans.NewSessionBeanIT" time="0.718" tests="14" errors="0" skipped="0" failures="0">
  <properties>
    <property name="sun.desktop" value="gnome"/>
    <property name="awt.toolkit" value="sun.awt.X11.XToolkit"/>
    <property name="file.encoding.pkg" value="sun.io"/>
    <property name="java.specification.version" value="1.8"/>
    <property name="sun.cpu.isalist" value=""/>
    <property name="sun.jnu.encoding" value="UTF-8"/>
    <property name="java.class.path" value="/home/andreia/Documentos/TQS/GoCamping/goCamping/target/test-classes:/home/andreia/Documentos/TQS/GoCamping/goCamping/target/classes:/home/andreia/.m2/repository/postgresql/postgresql/9.1-901-1.jdbc4/postgresql-9.1-901-1.jdbc4.jar:/home/andreia/.m2/repository/org/eclipse/persistence/eclipselink/2.7.0/eclipselink-2.7.0.jar:/home/andreia/.m2/repository/org/eclipse/persistence/commonj.sdo/2.1.1/commonj.sdo-2.1.1.jar:/home/andreia/.m2/repository/javax/validation/validation-api/1.1.0.Final/validation-api-1.1.0.Final.jar:/home/andreia/.m2/repository/org/glassfish/javax.json/1.0.4/javax.json-1.0.4.jar:/home/andreia/.m2/repository/org/eclipse/persistence/javax.persistence/2.1.1/javax.persistence-2.1.1.jar:/home/andreia/.m2/repository/net/bootsfaces/bootsfaces/1.2.0/bootsfaces-1.2.0.jar:/home/andreia/.m2/repository/junit/junit/4.12/junit-4.12.jar:/home/andreia/.m2/repository/org/hamcrest/hamcrest-core/1.3/hamcrest-core-1.3.jar:/home/andreia/.m2/repository/org/seleniumhq/selenium/selenium-support/3.10.0/selenium-support-3.10.0.jar:/home/andreia/.m2/repository/org/seleniumhq/selenium/selenium-api/3.10.0/selenium-api-3.10.0.jar:/home/andreia/.m2/repository/org/seleniumhq/selenium/selenium-remote-driver/3.10.0/selenium-remote-driver-3.10.0.jar:/home/andreia/.m2/repository/net/bytebuddy/byte-buddy/1.7.9/byte-buddy-1.7.9.jar:/home/andreia/.m2/repository/org/apache/commons/commons-exec/1.3/commons-exec-1.3.jar:/home/andreia/.m2/repository/commons-codec/commons-codec/1.10/commons-codec-1.10.jar:/home/andreia/.m2/repository/commons-logging/commons-logging/1.2/commons-logging-1.2.jar:/home/andreia/.m2/repository/com/google/code/gson/gson/2.8.2/gson-2.8.2.jar:/home/andreia/.m2/repository/com/google/guava/guava/23.6-jre/guava-23.6-jre.jar:/home/andreia/.m2/repository/com/google/code/findbugs/jsr305/1.3.9/jsr305-1.3.9.jar:/home/andreia/.m2/repository/org/checkerframework/checker-compat-qual/2.0.0/checker-compat-qual-2.0.0.jar:/home/andreia/.m2/repository/com/google/errorprone/error_prone_annotations/2.1.3/error_prone_annotations-2.1.3.jar:/home/andreia/.m2/repository/com/google/j2objc/j2objc-annotations/1.1/j2objc-annotations-1.1.jar:/home/andreia/.m2/repository/org/codehaus/mojo/animal-sniffer-annotations/1.14/animal-sniffer-annotations-1.14.jar:/home/andreia/.m2/repository/org/apache/httpcomponents/httpclient/4.5.3/httpclient-4.5.3.jar:/home/andreia/.m2/repository/org/apache/httpcomponents/httpcore/4.4.6/httpcore-4.4.6.jar:/home/andreia/.m2/repository/com/squareup/okhttp3/okhttp/3.9.1/okhttp-3.9.1.jar:/home/andreia/.m2/repository/com/squareup/okio/okio/1.13.0/okio-1.13.0.jar:/home/andreia/.m2/repository/org/seleniumhq/selenium/selenium-chrome-driver/3.10.0/selenium-chrome-driver-3.10.0.jar:/home/andreia/.m2/repository/javax/javaee-web-api/7.0/javaee-web-api-7.0.jar:/home/andreia/.m2/repository/org/primefaces/primefaces/6.2/primefaces-6.2.jar:/home/andreia/.m2/repository/org/primefaces/themes/bootstrap/1.0.10/bootstrap-1.0.10.jar:/home/andreia/.m2/repository/javax/activation/activation/1.1.1/activation-1.1.1.jar:/home/andreia/.m2/repository/javax/enterprise/cdi-api/1.2/cdi-api-1.2.jar:/home/andreia/.m2/repository/javax/inject/javax.inject/1/javax.inject-1.jar:/home/andreia/.m2/repository/javax/jws/jsr181-api/1.0-MR1/jsr181-api-1.0-MR1.jar:/home/andreia/.m2/repository/com/sun/mail/javax.mail/1.5.3/javax.mail-1.5.3.jar:/home/andreia/.m2/repository/org/hibernate/javax/persistence/hibernate-jpa-2.1-api/1.0.0.Final/hibernate-jpa-2.1-api-1.0.0.Final.jar:/home/andreia/.m2/repository/org/jboss/spec/javax/annotation/jboss-annotations-api_1.2_spec/1.0.0.Final/jboss-annotations-api_1.2_spec-1.0.0.Final.jar:/home/andreia/.m2/repository/org/jboss/spec/javax/batch/jboss-batch-api_1.0_spec/1.0.0.Final/jboss-batch-api_1.0_spec-1.0.0.Final.jar:/home/andreia/.m2/repository/org/jboss/spec/javax/ejb/jboss-ejb-api_3.2_spec/1.0.0.Final/jboss-ejb-api_3.2_spec-1.0.0.Final.jar:/home/andreia/.m2/repository/org/jboss/spec/javax/el/jboss-el-api_3.0_spec/1.0.4.Final/jboss-el-api_3.0_spec-1.0.4.Final.jar:/home/andreia/.m2/repository/org/jboss/spec/javax/enterprise/concurrent/jboss-concurrency-api_1.0_spec/1.0.0.Final/jboss-concurrency-api_1.0_spec-1.0.0.Final.jar:/home/andreia/.m2/repository/org/jboss/spec/javax/faces/jboss-jsf-api_2.2_spec/2.2.11/jboss-jsf-api_2.2_spec-2.2.11.jar:/home/andreia/.m2/repository/org/jboss/spec/javax/interceptor/jboss-interceptors-api_1.2_spec/1.0.0.Final/jboss-interceptors-api_1.2_spec-1.0.0.Final.jar:/home/andreia/.m2/repository/org/jboss/spec/javax/json/jboss-json-api_1.0_spec/1.0.0.Final/jboss-json-api_1.0_spec-1.0.0.Final.jar:/home/andreia/.m2/repository/org/jboss/spec/javax/management/j2ee/jboss-j2eemgmt-api_1.1_spec/1.0.1.Final/jboss-j2eemgmt-api_1.1_spec-1.0.1.Final.jar:/home/andreia/.m2/repository/org/jboss/spec/javax/resource/jboss-connector-api_1.7_spec/1.0.0.Final/jboss-connector-api_1.7_spec-1.0.0.Final.jar:/home/andreia/.m2/repository/org/jboss/spec/javax/rmi/jboss-rmi-api_1.0_spec/1.0.4.Final/jboss-rmi-api_1.0_spec-1.0.4.Final.jar:/home/andreia/.m2/repository/org/jboss/spec/javax/security/jacc/jboss-jacc-api_1.5_spec/1.0.0.Final/jboss-jacc-api_1.5_spec-1.0.0.Final.jar:/home/andreia/.m2/repository/org/jboss/spec/javax/security/auth/message/jboss-jaspi-api_1.1_spec/1.0.0.Final/jboss-jaspi-api_1.1_spec-1.0.0.Final.jar:/home/andreia/.m2/repository/org/jboss/spec/javax/jms/jboss-jms-api_2.0_spec/1.0.0.Final/jboss-jms-api_2.0_spec-1.0.0.Final.jar:/home/andreia/.m2/repository/org/jboss/spec/javax/servlet/jboss-servlet-api_3.1_spec/1.0.0.Final/jboss-servlet-api_3.1_spec-1.0.0.Final.jar:/home/andreia/.m2/repository/org/jboss/spec/javax/servlet/jsp/jboss-jsp-api_2.3_spec/1.0.1.Final/jboss-jsp-api_2.3_spec-1.0.1.Final.jar:/home/andreia/.m2/repository/org/jboss/spec/javax/servlet/jstl/jboss-jstl-api_1.2_spec/1.1.2.Final/jboss-jstl-api_1.2_spec-1.1.2.Final.jar:/home/andreia/.m2/repository/org/jboss/spec/javax/transaction/jboss-transaction-api_1.2_spec/1.0.0.Final/jboss-transaction-api_1.2_spec-1.0.0.Final.jar:/home/andreia/.m2/repository/org/jboss/spec/javax/ws/rs/jboss-jaxrs-api_2.0_spec/1.0.0.Final/jboss-jaxrs-api_2.0_spec-1.0.0.Final.jar:/home/andreia/.m2/repository/org/jboss/spec/javax/websocket/jboss-websocket-api_1.1_spec/1.1.0.Final/jboss-websocket-api_1.1_spec-1.1.0.Final.jar:/home/andreia/.m2/repository/org/jboss/spec/javax/xml/bind/jboss-jaxb-api_2.2_spec/1.0.4.Final/jboss-jaxb-api_2.2_spec-1.0.4.Final.jar:/home/andreia/.m2/repository/org/jboss/spec/javax/xml/soap/jboss-saaj-api_1.3_spec/1.0.3.Final/jboss-saaj-api_1.3_spec-1.0.3.Final.jar:/home/andreia/.m2/repository/org/jboss/spec/javax/xml/ws/jboss-jaxws-api_2.2_spec/2.0.2.Final/jboss-jaxws-api_2.2_spec-2.0.2.Final.jar:/home/andreia/.m2/repository/org/jboss/arquillian/junit/arquillian-junit-container/1.4.0.Final/arquillian-junit-container-1.4.0.Final.jar:/home/andreia/.m2/repository/org/jboss/arquillian/junit/arquillian-junit-core/1.4.0.Final/arquillian-junit-core-1.4.0.Final.jar:/home/andreia/.m2/repository/org/jboss/arquillian/test/arquillian-test-api/1.4.0.Final/arquillian-test-api-1.4.0.Final.jar:/home/andreia/.m2/repository/org/jboss/arquillian/core/arquillian-core-api/1.4.0.Final/arquillian-core-api-1.4.0.Final.jar:/home/andreia/.m2/repository/org/jboss/arquillian/test/arquillian-test-spi/1.4.0.Final/arquillian-test-spi-1.4.0.Final.jar:/home/andreia/.m2/repository/org/jboss/arquillian/core/arquillian-core-spi/1.4.0.Final/arquillian-core-spi-1.4.0.Final.jar:/home/andreia/.m2/repository/org/jboss/arquillian/container/arquillian-container-test-api/1.4.0.Final/arquillian-container-test-api-1.4.0.Final.jar:/home/andreia/.m2/repository/org/jboss/shrinkwrap/shrinkwrap-api/1.2.6/shrinkwrap-api-1.2.6.jar:/home/andreia/.m2/repository/org/jboss/shrinkwrap/descriptors/shrinkwrap-descriptors-api-base/2.0.0/shrinkwrap-descriptors-api-base-2.0.0.jar:/home/andreia/.m2/repository/org/jboss/arquillian/container/arquillian-container-test-spi/1.4.0.Final/arquillian-container-test-spi-1.4.0.Final.jar:/home/andreia/.m2/repository/org/jboss/arquillian/core/arquillian-core-impl-base/1.4.0.Final/arquillian-core-impl-base-1.4.0.Final.jar:/home/andreia/.m2/repository/org/jboss/arquillian/test/arquillian-test-impl-base/1.4.0.Final/arquillian-test-impl-base-1.4.0.Final.jar:/home/andreia/.m2/repository/org/jboss/arquillian/container/arquillian-container-impl-base/1.4.0.Final/arquillian-container-impl-base-1.4.0.Final.jar:/home/andreia/.m2/repository/org/jboss/arquillian/config/arquillian-config-api/1.4.0.Final/arquillian-config-api-1.4.0.Final.jar:/home/andreia/.m2/repository/org/jboss/arquillian/config/arquillian-config-impl-base/1.4.0.Final/arquillian-config-impl-base-1.4.0.Final.jar:/home/andreia/.m2/repository/org/jboss/arquillian/config/arquillian-config-spi/1.4.0.Final/arquillian-config-spi-1.4.0.Final.jar:/home/andreia/.m2/repository/org/jboss/shrinkwrap/descriptors/shrinkwrap-descriptors-spi/2.0.0/shrinkwrap-descriptors-spi-2.0.0.jar:/home/andreia/.m2/repository/org/jboss/arquillian/container/arquillian-container-test-impl-base/1.4.0.Final/arquillian-container-test-impl-base-1.4.0.Final.jar:/home/andreia/.m2/repository/org/jboss/shrinkwrap/shrinkwrap-impl-base/1.2.6/shrinkwrap-impl-base-1.2.6.jar:/home/andreia/.m2/repository/org/jboss/shrinkwrap/shrinkwrap-spi/1.2.6/shrinkwrap-spi-1.2.6.jar:/home/andreia/.m2/repository/org/jboss/arquillian/container/arquillian-weld-ee-embedded-1.1/1.0.0.CR9/arquillian-weld-ee-embedded-1.1-1.0.0.CR9.jar:/home/andreia/.m2/repository/org/jboss/arquillian/container/arquillian-container-spi/1.4.0.Final/arquillian-container-spi-1.4.0.Final.jar:/home/andreia/.m2/repository/org/jboss/arquillian/testenricher/arquillian-testenricher-cdi/1.4.0.Final/arquillian-testenricher-cdi-1.4.0.Final.jar:/home/andreia/.m2/repository/org/jboss/weld/weld-core/2.3.5.Final/weld-core-2.3.5.Final.jar:/home/andreia/.m2/repository/org/jboss/weld/weld-api/2.3.SP2/weld-api-2.3.SP2.jar:/home/andreia/.m2/repository/org/jboss/weld/weld-spi/2.3.SP2/weld-spi-2.3.SP2.jar:/home/andreia/.m2/repository/org/jboss/classfilewriter/jboss-classfilewriter/1.1.2.Final/jboss-classfilewriter-1.1.2.Final.jar:/home/andreia/.m2/repository/org/jboss/logging/jboss-logging/3.2.1.Final/jboss-logging-3.2.1.Final.jar:/home/andreia/.m2/repository/org/slf4j/slf4j-simple/1.6.4/slf4j-simple-1.6.4.jar:/home/andreia/.m2/repository/org/slf4j/slf4j-api/1.6.4/slf4j-api-1.6.4.jar:"/>
    <property name="java.vm.vendor" value="Oracle Corporation"/>
    <property name="sun.arch.data.model" value="64"/>
    <property name="java.vendor.url" value="http://java.oracle.com/"/>
    <property name="user.timezone" value=""/>
    <property name="java.vm.specification.version" value="1.8"/>
    <property name="os.name" value="Linux"/>
    <property name="sun.java.launcher" value="SUN_STANDARD"/>
    <property name="user.country" value="PT"/>
    <property name="sun.boot.library.path" value="/usr/lib/jvm/java-8-openjdk-amd64/jre/lib/amd64"/>
    <property name="sun.java.command" value="/home/andreia/Documentos/TQS/GoCamping/goCamping/target/surefire/surefirebooter4477050337735968006.jar /home/andreia/Documentos/TQS/GoCamping/goCamping/target/surefire 2018-07-11T13-43-47_724-jvmRun1 surefire2012714944147718189tmp surefire_03763627065465106477tmp"/>
    <property name="surefire.test.class.path" value="/home/andreia/Documentos/TQS/GoCamping/goCamping/target/test-classes:/home/andreia/Documentos/TQS/GoCamping/goCamping/target/classes:/home/andreia/.m2/repository/postgresql/postgresql/9.1-901-1.jdbc4/postgresql-9.1-901-1.jdbc4.jar:/home/andreia/.m2/repository/org/eclipse/persistence/eclipselink/2.7.0/eclipselink-2.7.0.jar:/home/andreia/.m2/repository/org/eclipse/persistence/commonj.sdo/2.1.1/commonj.sdo-2.1.1.jar:/home/andreia/.m2/repository/javax/validation/validation-api/1.1.0.Final/validation-api-1.1.0.Final.jar:/home/andreia/.m2/repository/org/glassfish/javax.json/1.0.4/javax.json-1.0.4.jar:/home/andreia/.m2/repository/org/eclipse/persistence/javax.persistence/2.1.1/javax.persistence-2.1.1.jar:/home/andreia/.m2/repository/net/bootsfaces/bootsfaces/1.2.0/bootsfaces-1.2.0.jar:/home/andreia/.m2/repository/junit/junit/4.12/junit-4.12.jar:/home/andreia/.m2/repository/org/hamcrest/hamcrest-core/1.3/hamcrest-core-1.3.jar:/home/andreia/.m2/repository/org/seleniumhq/selenium/selenium-support/3.10.0/selenium-support-3.10.0.jar:/home/andreia/.m2/repository/org/seleniumhq/selenium/selenium-api/3.10.0/selenium-api-3.10.0.jar:/home/andreia/.m2/repository/org/seleniumhq/selenium/selenium-remote-driver/3.10.0/selenium-remote-driver-3.10.0.jar:/home/andreia/.m2/repository/net/bytebuddy/byte-buddy/1.7.9/byte-buddy-1.7.9.jar:/home/andreia/.m2/repository/org/apache/commons/commons-exec/1.3/commons-exec-1.3.jar:/home/andreia/.m2/repository/commons-codec/commons-codec/1.10/commons-codec-1.10.jar:/home/andreia/.m2/repository/commons-logging/commons-logging/1.2/commons-logging-1.2.jar:/home/andreia/.m2/repository/com/google/code/gson/gson/2.8.2/gson-2.8.2.jar:/home/andreia/.m2/repository/com/google/guava/guava/23.6-jre/guava-23.6-jre.jar:/home/andreia/.m2/repository/com/google/code/findbugs/jsr305/1.3.9/jsr305-1.3.9.jar:/home/andreia/.m2/repository/org/checkerframework/checker-compat-qual/2.0.0/checker-compat-qual-2.0.0.jar:/home/andreia/.m2/repository/com/google/errorprone/error_prone_annotations/2.1.3/error_prone_annotations-2.1.3.jar:/home/andreia/.m2/repository/com/google/j2objc/j2objc-annotations/1.1/j2objc-annotations-1.1.jar:/home/andreia/.m2/repository/org/codehaus/mojo/animal-sniffer-annotations/1.14/animal-sniffer-annotations-1.14.jar:/home/andreia/.m2/repository/org/apache/httpcomponents/httpclient/4.5.3/httpclient-4.5.3.jar:/home/andreia/.m2/repository/org/apache/httpcomponents/httpcore/4.4.6/httpcore-4.4.6.jar:/home/andreia/.m2/repository/com/squareup/okhttp3/okhttp/3.9.1/okhttp-3.9.1.jar:/home/andreia/.m2/repository/com/squareup/okio/okio/1.13.0/okio-1.13.0.jar:/home/andreia/.m2/repository/org/seleniumhq/selenium/selenium-chrome-driver/3.10.0/selenium-chrome-driver-3.10.0.jar:/home/andreia/.m2/repository/javax/javaee-web-api/7.0/javaee-web-api-7.0.jar:/home/andreia/.m2/repository/org/primefaces/primefaces/6.2/primefaces-6.2.jar:/home/andreia/.m2/repository/org/primefaces/themes/bootstrap/1.0.10/bootstrap-1.0.10.jar:/home/andreia/.m2/repository/javax/activation/activation/1.1.1/activation-1.1.1.jar:/home/andreia/.m2/repository/javax/enterprise/cdi-api/1.2/cdi-api-1.2.jar:/home/andreia/.m2/repository/javax/inject/javax.inject/1/javax.inject-1.jar:/home/andreia/.m2/repository/javax/jws/jsr181-api/1.0-MR1/jsr181-api-1.0-MR1.jar:/home/andreia/.m2/repository/com/sun/mail/javax.mail/1.5.3/javax.mail-1.5.3.jar:/home/andreia/.m2/repository/org/hibernate/javax/persistence/hibernate-jpa-2.1-api/1.0.0.Final/hibernate-jpa-2.1-api-1.0.0.Final.jar:/home/andreia/.m2/repository/org/jboss/spec/javax/annotation/jboss-annotations-api_1.2_spec/1.0.0.Final/jboss-annotations-api_1.2_spec-1.0.0.Final.jar:/home/andreia/.m2/repository/org/jboss/spec/javax/batch/jboss-batch-api_1.0_spec/1.0.0.Final/jboss-batch-api_1.0_spec-1.0.0.Final.jar:/home/andreia/.m2/repository/org/jboss/spec/javax/ejb/jboss-ejb-api_3.2_spec/1.0.0.Final/jboss-ejb-api_3.2_spec-1.0.0.Final.jar:/home/andreia/.m2/repository/org/jboss/spec/javax/el/jboss-el-api_3.0_spec/1.0.4.Final/jboss-el-api_3.0_spec-1.0.4.Final.jar:/home/andreia/.m2/repository/org/jboss/spec/javax/enterprise/concurrent/jboss-concurrency-api_1.0_spec/1.0.0.Final/jboss-concurrency-api_1.0_spec-1.0.0.Final.jar:/home/andreia/.m2/repository/org/jboss/spec/javax/faces/jboss-jsf-api_2.2_spec/2.2.11/jboss-jsf-api_2.2_spec-2.2.11.jar:/home/andreia/.m2/repository/org/jboss/spec/javax/interceptor/jboss-interceptors-api_1.2_spec/1.0.0.Final/jboss-interceptors-api_1.2_spec-1.0.0.Final.jar:/home/andreia/.m2/repository/org/jboss/spec/javax/json/jboss-json-api_1.0_spec/1.0.0.Final/jboss-json-api_1.0_spec-1.0.0.Final.jar:/home/andreia/.m2/repository/org/jboss/spec/javax/management/j2ee/jboss-j2eemgmt-api_1.1_spec/1.0.1.Final/jboss-j2eemgmt-api_1.1_spec-1.0.1.Final.jar:/home/andreia/.m2/repository/org/jboss/spec/javax/resource/jboss-connector-api_1.7_spec/1.0.0.Final/jboss-connector-api_1.7_spec-1.0.0.Final.jar:/home/andreia/.m2/repository/org/jboss/spec/javax/rmi/jboss-rmi-api_1.0_spec/1.0.4.Final/jboss-rmi-api_1.0_spec-1.0.4.Final.jar:/home/andreia/.m2/repository/org/jboss/spec/javax/security/jacc/jboss-jacc-api_1.5_spec/1.0.0.Final/jboss-jacc-api_1.5_spec-1.0.0.Final.jar:/home/andreia/.m2/repository/org/jboss/spec/javax/security/auth/message/jboss-jaspi-api_1.1_spec/1.0.0.Final/jboss-jaspi-api_1.1_spec-1.0.0.Final.jar:/home/andreia/.m2/repository/org/jboss/spec/javax/jms/jboss-jms-api_2.0_spec/1.0.0.Final/jboss-jms-api_2.0_spec-1.0.0.Final.jar:/home/andreia/.m2/repository/org/jboss/spec/javax/servlet/jboss-servlet-api_3.1_spec/1.0.0.Final/jboss-servlet-api_3.1_spec-1.0.0.Final.jar:/home/andreia/.m2/repository/org/jboss/spec/javax/servlet/jsp/jboss-jsp-api_2.3_spec/1.0.1.Final/jboss-jsp-api_2.3_spec-1.0.1.Final.jar:/home/andreia/.m2/repository/org/jboss/spec/javax/servlet/jstl/jboss-jstl-api_1.2_spec/1.1.2.Final/jboss-jstl-api_1.2_spec-1.1.2.Final.jar:/home/andreia/.m2/repository/org/jboss/spec/javax/transaction/jboss-transaction-api_1.2_spec/1.0.0.Final/jboss-transaction-api_1.2_spec-1.0.0.Final.jar:/home/andreia/.m2/repository/org/jboss/spec/javax/ws/rs/jboss-jaxrs-api_2.0_spec/1.0.0.Final/jboss-jaxrs-api_2.0_spec-1.0.0.Final.jar:/home/andreia/.m2/repository/org/jboss/spec/javax/websocket/jboss-websocket-api_1.1_spec/1.1.0.Final/jboss-websocket-api_1.1_spec-1.1.0.Final.jar:/home/andreia/.m2/repository/org/jboss/spec/javax/xml/bind/jboss-jaxb-api_2.2_spec/1.0.4.Final/jboss-jaxb-api_2.2_spec-1.0.4.Final.jar:/home/andreia/.m2/repository/org/jboss/spec/javax/xml/soap/jboss-saaj-api_1.3_spec/1.0.3.Final/jboss-saaj-api_1.3_spec-1.0.3.Final.jar:/home/andreia/.m2/repository/org/jboss/spec/javax/xml/ws/jboss-jaxws-api_2.2_spec/2.0.2.Final/jboss-jaxws-api_2.2_spec-2.0.2.Final.jar:/home/andreia/.m2/repository/org/jboss/arquillian/junit/arquillian-junit-container/1.4.0.Final/arquillian-junit-container-1.4.0.Final.jar:/home/andreia/.m2/repository/org/jboss/arquillian/junit/arquillian-junit-core/1.4.0.Final/arquillian-junit-core-1.4.0.Final.jar:/home/andreia/.m2/repository/org/jboss/arquillian/test/arquillian-test-api/1.4.0.Final/arquillian-test-api-1.4.0.Final.jar:/home/andreia/.m2/repository/org/jboss/arquillian/core/arquillian-core-api/1.4.0.Final/arquillian-core-api-1.4.0.Final.jar:/home/andreia/.m2/repository/org/jboss/arquillian/test/arquillian-test-spi/1.4.0.Final/arquillian-test-spi-1.4.0.Final.jar:/home/andreia/.m2/repository/org/jboss/arquillian/core/arquillian-core-spi/1.4.0.Final/arquillian-core-spi-1.4.0.Final.jar:/home/andreia/.m2/repository/org/jboss/arquillian/container/arquillian-container-test-api/1.4.0.Final/arquillian-container-test-api-1.4.0.Final.jar:/home/andreia/.m2/repository/org/jboss/shrinkwrap/shrinkwrap-api/1.2.6/shrinkwrap-api-1.2.6.jar:/home/andreia/.m2/repository/org/jboss/shrinkwrap/descriptors/shrinkwrap-descriptors-api-base/2.0.0/shrinkwrap-descriptors-api-base-2.0.0.jar:/home/andreia/.m2/repository/org/jboss/arquillian/container/arquillian-container-test-spi/1.4.0.Final/arquillian-container-test-spi-1.4.0.Final.jar:/home/andreia/.m2/repository/org/jboss/arquillian/core/arquillian-core-impl-base/1.4.0.Final/arquillian-core-impl-base-1.4.0.Final.jar:/home/andreia/.m2/repository/org/jboss/arquillian/test/arquillian-test-impl-base/1.4.0.Final/arquillian-test-impl-base-1.4.0.Final.jar:/home/andreia/.m2/repository/org/jboss/arquillian/container/arquillian-container-impl-base/1.4.0.Final/arquillian-container-impl-base-1.4.0.Final.jar:/home/andreia/.m2/repository/org/jboss/arquillian/config/arquillian-config-api/1.4.0.Final/arquillian-config-api-1.4.0.Final.jar:/home/andreia/.m2/repository/org/jboss/arquillian/config/arquillian-config-impl-base/1.4.0.Final/arquillian-config-impl-base-1.4.0.Final.jar:/home/andreia/.m2/repository/org/jboss/arquillian/config/arquillian-config-spi/1.4.0.Final/arquillian-config-spi-1.4.0.Final.jar:/home/andreia/.m2/repository/org/jboss/shrinkwrap/descriptors/shrinkwrap-descriptors-spi/2.0.0/shrinkwrap-descriptors-spi-2.0.0.jar:/home/andreia/.m2/repository/org/jboss/arquillian/container/arquillian-container-test-impl-base/1.4.0.Final/arquillian-container-test-impl-base-1.4.0.Final.jar:/home/andreia/.m2/repository/org/jboss/shrinkwrap/shrinkwrap-impl-base/1.2.6/shrinkwrap-impl-base-1.2.6.jar:/home/andreia/.m2/repository/org/jboss/shrinkwrap/shrinkwrap-spi/1.2.6/shrinkwrap-spi-1.2.6.jar:/home/andreia/.m2/repository/org/jboss/arquillian/container/arquillian-weld-ee-embedded-1.1/1.0.0.CR9/arquillian-weld-ee-embedded-1.1-1.0.0.CR9.jar:/home/andreia/.m2/repository/org/jboss/arquillian/container/arquillian-container-spi/1.4.0.Final/arquillian-container-spi-1.4.0.Final.jar:/home/andreia/.m2/repository/org/jboss/arquillian/testenricher/arquillian-testenricher-cdi/1.4.0.Final/arquillian-testenricher-cdi-1.4.0.Final.jar:/home/andreia/.m2/repository/org/jboss/weld/weld-core/2.3.5.Final/weld-core-2.3.5.Final.jar:/home/andreia/.m2/repository/org/jboss/weld/weld-api/2.3.SP2/weld-api-2.3.SP2.jar:/home/andreia/.m2/repository/org/jboss/weld/weld-spi/2.3.SP2/weld-spi-2.3.SP2.jar:/home/andreia/.m2/repository/org/jboss/classfilewriter/jboss-classfilewriter/1.1.2.Final/jboss-classfilewriter-1.1.2.Final.jar:/home/andreia/.m2/repository/org/jboss/logging/jboss-logging/3.2.1.Final/jboss-logging-3.2.1.Final.jar:/home/andreia/.m2/repository/org/slf4j/slf4j-simple/1.6.4/slf4j-simple-1.6.4.jar:/home/andreia/.m2/repository/org/slf4j/slf4j-api/1.6.4/slf4j-api-1.6.4.jar:"/>
    <property name="sun.cpu.endian" value="little"/>
    <property name="user.home" value="/home/andreia"/>
    <property name="user.language" value="pt"/>
    <property name="java.specification.vendor" value="Oracle Corporation"/>
    <property name="java.home" value="/usr/lib/jvm/java-8-openjdk-amd64/jre"/>
    <property name="basedir" value="/home/andreia/Documentos/TQS/GoCamping/goCamping"/>
    <property name="file.separator" value="/"/>
    <property name="line.separator" value="&#10;"/>
    <property name="java.vm.specification.vendor" value="Oracle Corporation"/>
    <property name="java.specification.name" value="Java Platform API Specification"/>
    <property name="java.awt.graphicsenv" value="sun.awt.X11GraphicsEnvironment"/>
    <property name="surefire.real.class.path" value="/home/andreia/Documentos/TQS/GoCamping/goCamping/target/surefire/surefirebooter4477050337735968006.jar:/home/andreia/.m2/repository/org/jacoco/org.jacoco.agent/0.7.8/org.jacoco.agent-0.7.8-runtime.jar"/>
    <property name="sun.boot.class.path" value="/usr/lib/jvm/java-8-openjdk-amd64/jre/lib/resources.jar:/usr/lib/jvm/java-8-openjdk-amd64/jre/lib/rt.jar:/usr/lib/jvm/java-8-openjdk-amd64/jre/lib/sunrsasign.jar:/usr/lib/jvm/java-8-openjdk-amd64/jre/lib/jsse.jar:/usr/lib/jvm/java-8-openjdk-amd64/jre/lib/jce.jar:/usr/lib/jvm/java-8-openjdk-amd64/jre/lib/charsets.jar:/usr/lib/jvm/java-8-openjdk-amd64/jre/lib/jfr.jar:/usr/lib/jvm/java-8-openjdk-amd64/jre/classes"/>
    <property name="sun.management.compiler" value="HotSpot 64-Bit Tiered Compilers"/>
    <property name="java.runtime.version" value="1.8.0_171-8u171-b11-0ubuntu0.18.04.1-b11"/>
    <property name="user.name" value="andreia"/>
    <property name="path.separator" value=":"/>
    <property name="os.version" value="4.15.0-23-generic"/>
    <property name="java.endorsed.dirs" value="/usr/lib/jvm/java-8-openjdk-amd64/jre/lib/endorsed"/>
    <property name="java.runtime.name" value="OpenJDK Runtime Environment"/>
    <property name="file.encoding" value="UTF-8"/>
    <property name="java.vm.name" value="OpenJDK 64-Bit Server VM"/>
    <property name="maven.ext.class.path" value="/home/andreia/netbeans-8.2/java/maven-nblib/netbeans-eventspy.jar"/>
    <property name="localRepository" value="/home/andreia/.m2/repository"/>
    <property name="java.vendor.url.bug" value="http://bugreport.sun.com/bugreport/"/>
    <property name="java.io.tmpdir" value="/tmp"/>
    <property name="java.version" value="1.8.0_171"/>
    <property name="user.dir" value="/home/andreia/Documentos/TQS/GoCamping/goCamping"/>
    <property name="os.arch" value="amd64"/>
    <property name="java.vm.specification.name" value="Java Virtual Machine Specification"/>
    <property name="java.awt.printerjob" value="sun.print.PSPrinterJob"/>
    <property name="sun.os.patch.level" value="unknown"/>
    <property name="java.library.path" value="/usr/lib/jvm/java-1.8.0-openjdk-amd64/jre/lib/amd64:/usr/lib/jvm/java-1.8.0-openjdk-amd64/jre/lib/i386::/usr/java/packages/lib/amd64:/usr/lib/x86_64-linux-gnu/jni:/lib/x86_64-linux-gnu:/usr/lib/x86_64-linux-gnu:/usr/lib/jni:/lib:/usr/lib"/>
    <property name="java.vm.info" value="mixed mode"/>
    <property name="java.vendor" value="Oracle Corporation"/>
    <property name="java.vm.version" value="25.171-b11"/>
    <property name="java.ext.dirs" value="/usr/lib/jvm/java-8-openjdk-amd64/jre/lib/ext:/usr/java/packages/lib/ext"/>
    <property name="sun.io.unicode.encoding" value="UnicodeLittle"/>
    <property name="java.class.version" value="52.0"/>
  </properties>
  <testcase name="saveCamperUtilizador" classname="BackendBeans.NewSessionBeanIT" time="0.08"/>
  <testcase name="saveManagerUtilizador" classname="BackendBeans.NewSessionBeanIT" time="0.054"/>
  <testcase name="saveCampsite" classname="BackendBeans.NewSessionBeanIT" time="0.044"/>
  <testcase name="searchCampsite" classname="BackendBeans.NewSessionBeanIT" time="0.029"/>
  <testcase name="addFavouriteList" classname="BackendBeans.NewSessionBeanIT" time="0.046"/>
  <testcase name="makeReservation" classname="BackendBeans.NewSessionBeanIT" time="0.047"/>
  <testcase name="updateManagerPersonalInformation" classname="BackendBeans.NewSessionBeanIT" time="0.033"/>
  <testcase name="updateCamperPersonalInformation" classname="BackendBeans.NewSessionBeanIT" time="0.031"/>
  <testcase name="updateCampsite" classname="BackendBeans.NewSessionBeanIT" time="0.052"/>
  <testcase name="removeReservation" classname="BackendBeans.NewSessionBeanIT" time="0.033"/>
  <testcase name="removeFavouriteList" classname="BackendBeans.NewSessionBeanIT" time="0.032"/>
  <testcase name="deleteCampsite" classname="BackendBeans.NewSessionBeanIT" time="0.035"/>
  <testcase name="deleteManager" classname="BackendBeans.NewSessionBeanIT" time="0.038"/>
  <testcase name="deleteCamper" classname="BackendBeans.NewSessionBeanIT" time="0.037"/>
</testsuite>